<?xml version="1.0" encoding="UTF-8"?>
<!-- Generated by org.testng.reporters.JUnitXMLReporter -->
<testsuite hostname="DEL01557" ignored="0" name="Default test" tests="2" failures="0" timestamp="2020-03-08T16:44:28 MEZ" time="14.383" errors="0">
  <testcase name="test_HomePage_FloorNum" time="2.436" classname="com.selenium.pagefactory.test.SearchTest"/>
  <testcase name="test_SearchFifthFloor" time="4.377" classname="com.selenium.pagefactory.test.SearchTest"/>
</testsuite> <!-- Default test -->
